<?xml version="1.0" encoding="UTF-8"?>
<testsuite xmlns:xsi="http://www.w3.org/2001/XMLSchema-instance" xsi:noNamespaceSchemaLocation="https://maven.apache.org/surefire/maven-failsafe-plugin/xsd/failsafe-test-report.xsd" version="3.0.2" name="com.theotech.sales.SalesIT" time="2.313" tests="6" errors="0" skipped="0" failures="0" flakes="0">
  <properties>
[...]
</properties>
  <testcase name="severalItemsMakeOneReceiptAndAllOrNothingWhenOneIsShort" classname="com.theotech.sales.SalesIT" time="0.448">
    <system-out><![CDATA[2026-09-21T22:51:19.048+02:00  INFO 8736 --- [theo-tech-system] [           main] t.c.s.AnnotationConfigContextLoaderUtils : Could not detect default configuration classes for test class [com.theotech.sales.SalesIT]: SalesIT does not declare any static, non-private, non-final, nested classes annotated with @Configuration.
2026-09-21T22:51:19.085+02:00  INFO 8736 --- [theo-tech-system] [           main] .b.t.c.SpringBootTestContextBootstrapper : Found @SpringBootConfiguration com.theotech.TheoTechApplication for test class com.theotech.sales.SalesIT
2026-09-21T22:51:19.089+02:00  INFO 8736 --- [theo-tech-system] [           main] t.c.s.AnnotationConfigContextLoaderUtils : Could not detect default configuration classes for test class [com.theotech.sales.SalesIT]: SalesIT does not declare any static, non-private, non-final, nested classes annotated with @Configuration.
2026-09-21T22:51:19.090+02:00  INFO 8736 --- [theo-tech-system] [           main] .b.t.c.SpringBootTestContextBootstrapper : Found @SpringBootConfiguration com.theotech.TheoTechApplication for test class com.theotech.sales.SalesIT
]]></system-out>
  </testcase>
  <testcase name="sellingReducesStockAndRecordsTheSaleAtTheProductPrice" classname="com.theotech.sales.SalesIT" time="0.275"/>
  <testcase name="deletingAProductKeepsItsSalesHistory" classname="com.theotech.sales.SalesIT" time="0.231"/>
  <testcase name="overSellingIsRefusedAndNothingIsRecorded" classname="com.theotech.sales.SalesIT" time="0.269"/>
  <testcase name="historyFiltersSearchesSortsAndTotals" classname="com.theotech.sales.SalesIT" time="0.559"/>
  <testcase name="unpaidSalesNeedACustomerAndCanBeMarkedPaidLater" classname="com.theotech.sales.SalesIT" time="0.464"/>
</testsuite>